<?xml version="1.0" encoding="UTF-8"?>
<testng-results ignored="0" total="1" passed="1" failed="0" skipped="0">
  <reporter-output>
  </reporter-output>
  <suite started-at="2024-07-26T14:50:01 IST" name="Default suite" finished-at="2024-07-26T14:50:08 IST" duration-ms="7454">
    <groups>
    </groups>
    <test started-at="2024-07-26T14:50:01 IST" name="Default test" finished-at="2024-07-26T14:50:08 IST" duration-ms="7454">
      <class name="Tests.Scripts">
        <test-method signature="run()[pri:0, instance:Tests.Scripts@18df8434]" started-at="2024-07-26T14:50:01 IST" name="run" finished-at="2024-07-26T14:50:08 IST" duration-ms="7416" status="PASS">
          <reporter-output>
          </reporter-output>
        </test-method> <!-- run -->
      </class> <!-- Tests.Scripts -->
    </test> <!-- Default test -->
  </suite> <!-- Default suite -->
</testng-results>
